Arguments: 
  /Users/mikecampbell/.nvm/versions/node/v16.15.0/bin/node /Users/mikecampbell/.nvm/versions/node/v16.15.0/bin/yarn init

PATH: 
  /Users/mikecampbell/.deno/bin:/Users/mikecampbell/.fly/bin:/Users/mikecampbell/Library/pnpm:/Users/mikecampbell/bin:/Users/mikecampbell/.nvm/versions/node/v16.15.0/bin:/Users/mikecampbell/.asdf/shims:/usr/local/opt/asdf/libexec/bin:/usr/local/Cellar/libpq/13.2/bin:/Users/mikecampbell/Library/Application Support/edgedb/bin:/usr/local/bin:/usr/bin:/bin:/usr/sbin:/sbin:/usr/local/go/bin:/Users/mikecampbell/.deno/bin:/Users/mikecampbell/.fly/bin:/Users/mikecampbell/Library/pnpm:/Users/mikecampbell/bin:/Users/mikecampbell/.nvm/versions/node/v16.15.0/bin:/usr/local/Cellar/libpq/13.2/bin:/Users/mikecampbell/Library/Application Support/edgedb/bin:/Users/mikecampbell/.cargo/bin:/Users/mikecampbell/Learn/webOS_TV_SDK/CLI/bin:/Users/mikecampbell/go/bin:/Users/mikecampbell/Learn/webOS_TV_SDK/CLI:/Users/mikecampbell/Learn/webOS_TV_SDK/CLI/bin:/Users/mikecampbell/go/bin:/Users/mikecampbell/Learn/webOS_TV_SDK/CLI

Yarn version: 
  1.22.19

Node version: 
  16.15.0

Platform: 
  darwin x64

Trace: 
  Error: canceled
      at Interface.<anonymous> (/Users/mikecampbell/.nvm/versions/node/v16.15.0/lib/node_modules/yarn/lib/cli.js:137150:13)
      at Interface.emit (node:events:527:28)
      at Interface._ttyWrite (node:readline:1081:16)
      at ReadStream.onkeypress (node:readline:288:10)
      at ReadStream.emit (node:events:527:28)
      at emitKeys (node:internal/readline/utils:358:14)
      at emitKeys.next (<anonymous>)
      at ReadStream.onData (node:internal/readline/emitKeypressEvents:61:36)
      at ReadStream.emit (node:events:527:28)
      at addChunk (node:internal/streams/readable:315:12)

npm manifest: 
  No manifest

yarn manifest: 
  No manifest

Lockfile: 
  No lockfile
